<?xml version="1.0" encoding="UTF-8"?>
<!-- Generated by org.testng.reporters.JUnitReportReporter -->
<testsuite hostname="LAPTOP-QN17ATHQ" name="mnsvalidationmns.atl.validation.mnsvalidationmns.AmazonTest" tests="1" failures="0" timestamp="26 Jan 2018 20:00:35 GMT" time="15.877" errors="0">
  <testcase name="f" time="15.877" classname="mnsvalidationmns.atl.validation.mnsvalidationmns.AmazonTest"/>
</testsuite> <!-- mnsvalidationmns.atl.validation.mnsvalidationmns.AmazonTest -->
