<?xml version="1.0" encoding="UTF-8"?>
<!-- Generated by org.testng.reporters.JUnitReportReporter -->
<testsuite hostname="LAPTOP-QN17ATHQ" name="mnsvalidationmns.atl.validation.mnsvalidationmns.FacebookTest" tests="1" failures="0" timestamp="26 Jan 2018 20:01:11 GMT" time="15.422" errors="0">
  <testcase name="f" time="15.422" classname="mnsvalidationmns.atl.validation.mnsvalidationmns.FacebookTest"/>
</testsuite> <!-- mnsvalidationmns.atl.validation.mnsvalidationmns.FacebookTest -->
