<?xml version="1.0" encoding="UTF-8"?>
<!-- Generated by org.testng.reporters.JUnitReportReporter -->
<testsuite hostname="LAPTOP-QN17ATHQ" name="mnsvalidationmns.atl.validation.mnsvalidationmns.FacebookTest" tests="1" failures="0" timestamp="27 Jan 2018 13:00:17 GMT" time="8.976" errors="0">
  <testcase name="f" time="8.976" classname="mnsvalidationmns.atl.validation.mnsvalidationmns.FacebookTest"/>
</testsuite> <!-- mnsvalidationmns.atl.validation.mnsvalidationmns.FacebookTest -->
